GROUP,PACKAGE,CLASS,INSTRUCTION_MISSED,INSTRUCTION_COVERED,BRANCH_MISSED,BRANCH_COVERED,LINE_MISSED,LINE_COVERED,COMPLEXITY_MISSED,COMPLEXITY_COVERED,METHOD_MISSED,METHOD_COVERED
GBIF Common :: API,org.gbif.api.model.registry,Network,797,89,82,0,133,27,81,19,40,19
GBIF Common :: API,org.gbif.api.model.registry,Endpoint,208,131,32,0,43,18,35,5,19,5
GBIF Common :: API,org.gbif.api.model.registry,EndorsementStatus,44,0,0,0,5,0,1,0,1,0
GBIF Common :: API,org.gbif.api.model.registry,Node,956,112,86,0,155,32,94,20,51,20
GBIF Common :: API,org.gbif.api.model.registry,Installation,632,0,52,0,115,0,69,0,43,0
GBIF Common :: API,org.gbif.api.model.registry,ConfirmationKeyParameter,16,0,0,0,7,0,4,0,4,0
GBIF Common :: API,org.gbif.api.model.registry,DatasetOccurrenceDownloadUsage,247,0,20,0,45,0,28,0,18,0
GBIF Common :: API,org.gbif.api.model.registry,Organization,1050,113,114,0,170,37,106,26,49,26
GBIF Common :: API,org.gbif.api.model.registry,Tag,123,63,8,8,23,16,16,7,9,6
GBIF Common :: API,org.gbif.api.model.registry,Identifier,202,21,22,0,34,8,23,5,12,5
GBIF Common :: API,org.gbif.api.model.registry,Contact,777,188,82,20,137,36,90,16,49,6
GBIF Common :: API,org.gbif.api.model.registry,Dataset,1402,322,130,22,223,80,153,32,77,32
GBIF Common :: API,org.gbif.api.model.registry,MachineTag,281,0,26,0,54,0,34,0,21,0
GBIF Common :: API,org.gbif.api.model.registry,Citation,82,31,5,5,17,5,12,2,7,2
GBIF Common :: API,org.gbif.api.model.registry,Comment,229,0,20,0,42,0,27,0,17,0
GBIF Common :: API,org.gbif.api.model.registry,Metadata,300,0,30,0,53,0,36,0,21,0
GBIF Common :: API,org.gbif.api.model.collections,Institution,1401,0,148,0,243,0,158,0,84,0
GBIF Common :: API,org.gbif.api.model.collections,OccurrenceMapping,218,0,18,0,39,0,25,0,16,0
GBIF Common :: API,org.gbif.api.model.collections,Address,219,0,18,0,35,0,25,0,16,0
GBIF Common :: API,org.gbif.api.model.collections,Collection,1417,0,148,0,248,0,158,0,84,0
GBIF Common :: API,org.gbif.api.model.collections,Person,771,0,78,0,133,0,87,0,48,0
GBIF Common :: API,org.gbif.api.model.collections,AlternativeCode,113,0,10,0,22,0,14,0,9,0
GBIF Common :: API,org.gbif.api.jackson,DateSerde.NoTimezoneDateJsonSerializer,1,11,1,1,1,4,1,2,0,2
GBIF Common :: API,org.gbif.api.jackson,DateSerde,3,10,0,0,1,3,1,1,1,1
GBIF Common :: API,org.gbif.api.jackson,LocalDateTimeSerDe.LocalDateTimeSerializer,8,0,0,0,3,0,2,0,2,0
GBIF Common :: API,org.gbif.api.jackson,ExtensionSerializer,0,8,0,0,0,3,0,2,0,2
GBIF Common :: API,org.gbif.api.jackson,LicenseSerde,3,0,0,0,1,0,1,0,1,0
GBIF Common :: API,org.gbif.api.jackson,RankSerde.RankJsonSerializer,3,22,1,3,2,6,1,3,0,2
GBIF Common :: API,org.gbif.api.jackson,TermMapListSerializer,10,49,4,6,2,12,3,4,0,2
GBIF Common :: API,org.gbif.api.jackson,MapEntrySerde.MapEntryJsonSerializer,3,19,1,1,2,7,1,2,0,2
GBIF Common :: API,org.gbif.api.jackson,TermMapListDeserializer,22,75,4,6,2,16,3,4,0,2
GBIF Common :: API,org.gbif.api.jackson,LocalDateTimeSerDe.LocalDateTimeDeserializer,7,0,0,0,2,0,2,0,2,0
GBIF Common :: API,org.gbif.api.jackson,RankSerde,3,0,0,0,1,0,1,0,1,0
GBIF Common :: API,org.gbif.api.jackson,ExtensionKeyDeserializer,0,6,0,0,0,2,0,2,0,2
GBIF Common :: API,org.gbif.api.jackson,DownloadRequestSerde,6,175,0,8,2,28,0,9,0,5
GBIF Common :: API,org.gbif.api.jackson,LocalDateTimeSerDe,3,0,0,0,1,0,1,0,1,0
GBIF Common :: API,org.gbif.api.jackson,DateSerde.FlexibleDateJsonDeserializer,4,30,1,3,1,6,1,3,0,2
GBIF Common :: API,org.gbif.api.jackson,MapEntrySerde.MapEntryJsonDeserializer,13,38,3,1,5,11,3,2,0,2
GBIF Common :: API,org.gbif.api.jackson,MapEntrySerde,3,0,0,0,1,0,1,0,1,0
GBIF Common :: API,org.gbif.api.jackson,RankSerde.RankJsonDeserializer,7,56,1,7,3,10,1,6,0,3
GBIF Common :: API,org.gbif.api.jackson,LicenseSerde.LicenseJsonSerializer,3,19,1,3,2,7,1,3,0,2
GBIF Common :: API,org.gbif.api.jackson,LicenseSerde.LicenseJsonDeserializer,6,29,2,4,2,7,2,3,0,2
GBIF Common :: API,org.gbif.api.jackson,ExtensionDeserializer,15,0,2,0,4,0,3,0,2,0
GBIF Common :: API,org.gbif.api.jackson,TermMapListDeserializer.new TypeReference() {...},0,6,0,0,0,1,0,1,0,1
GBIF Common :: API,org.gbif.api.model.metrics,RecordError,122,95,8,8,16,27,15,9,7,9
GBIF Common :: API,org.gbif.api.model.metrics,RecordError.Builder,0,33,0,0,0,12,0,7,0,7
GBIF Common :: API,org.gbif.api.model.collections.request,SearchRequest,88,0,0,0,35,0,24,0,24,0
GBIF Common :: API,org.gbif.api.model.collections.request,CollectionSearchRequest.Builder,135,0,2,0,44,0,16,0,15,0
GBIF Common :: API,org.gbif.api.model.collections.request,InstitutionSearchRequest.Builder,126,0,2,0,41,0,15,0,14,0
GBIF Common :: API,org.gbif.api.model.collections.request,InstitutionSearchRequest,7,0,0,0,2,0,2,0,2,0
GBIF Common :: API,org.gbif.api.model.collections.request,CollectionSearchRequest,14,0,0,0,5,0,4,0,4,0
GBIF Common :: API,org.gbif.api.model.registry.metasync,MetasyncResult,54,0,0,0,6,0,1,0,1,0
GBIF Common :: API,org.gbif.api.model.registry.metasync,MetasyncHistory,157,0,14,0,28,0,19,0,12,0
GBIF Common :: API,org.gbif.api.vocabulary.collections,Discipline,1082,0,0,0,102,0,3,0,3,0
GBIF Common :: API,org.gbif.api.vocabulary.collections,InstitutionType,114,0,0,0,12,0,1,0,1,0
GBIF Common :: API,org.gbif.api.vocabulary.collections,AccessionStatus,24,0,0,0,3,0,1,0,1,0
GBIF Common :: API,org.gbif.api.vocabulary.collections,PreservationType,268,0,0,0,28,0,3,0,3,0
GBIF Common :: API,org.gbif.api.vocabulary.collections,InstitutionGovernance,114,0,0,0,12,0,1,0,1,0
GBIF Common :: API,org.gbif.api.vocabulary.collections,CollectionContentType,763,0,0,0,73,0,3,0,3,0
GBIF Common :: API,org.gbif.api.model.occurrence.search,OccurrenceSearchParameter,0,862,0,0,0,82,0,3,0,3
GBIF Common :: API,org.gbif.api.model.occurrence.search,OccurrenceSearchRequest,251,0,0,0,99,0,50,0,50,0
GBIF Common :: API,org.gbif.api.model.pipelines.ws,RunAllParams,27,0,0,0,9,0,5,0,5,0
GBIF Common :: API,org.gbif.api.model.pipelines.ws,SearchResult,190,0,24,0,44,0,33,0,21,0
GBIF Common :: API,org.gbif.api.model.pipelines.ws,PipelineProcessParameters,26,0,0,0,12,0,6,0,6,0
GBIF Common :: API,org.gbif.api.model.pipelines.ws,PipelineStepParameters,26,0,0,0,12,0,6,0,6,0
GBIF Common :: API,org.gbif.api.model.registry.eml.temporal,SingleDate,86,7,8,0,18,3,10,2,6,2
GBIF Common :: API,org.gbif.api.model.registry.eml.temporal,VerbatimTimePeriod,105,7,10,0,18,3,13,2,8,2
GBIF Common :: API,org.gbif.api.model.registry.eml.temporal,TemporalCoverage,0,3,0,0,0,1,0,1,0,1
GBIF Common :: API,org.gbif.api.model.registry.eml.temporal,VerbatimTimePeriodType,24,0,0,0,2,0,1,0,1,0
GBIF Common :: API,org.gbif.api.model.registry.eml.temporal,DateRange,154,7,16,0,32,3,17,2,9,2
GBIF Common :: API,org.gbif.api.v2,NameUsageMatch2,146,0,18,0,31,0,24,0,15,0
GBIF Common :: API,org.gbif.api.v2,NameUsageMatch2.Nomenclature,64,0,10,0,13,0,12,0,7,0
GBIF Common :: API,org.gbif.api.v2,RankedName,113,0,12,0,30,0,17,0,11,0
GBIF Common :: API,org.gbif.api.v2,NameUsageMatch2.Diagnostics,144,0,18,0,30,0,24,0,15,0
GBIF Common :: API,org.gbif.api.model.crawler,DatasetProcessStatus,278,717,43,43,28,134,44,53,1,53
GBIF Common :: API,org.gbif.api.model.crawler,DwcaValidationReport,205,110,32,12,33,28,24,10,7,5
GBIF Common :: API,org.gbif.api.model.crawler,CrawlJob,97,126,9,11,17,23,12,9,3,8
GBIF Common :: API,org.gbif.api.model.crawler,DatasetProcessStatus.Builder,15,113,0,0,6,44,3,23,3,23
GBIF Common :: API,org.gbif.api.model.crawler,GenericValidationReport,184,48,18,4,24,15,17,5,8,3
GBIF Common :: API,org.gbif.api.model.crawler,OccurrenceValidationReport,218,203,21,29,25,33,20,18,9,4
GBIF Common :: API,org.gbif.api.model.crawler,ProcessState,0,34,0,0,0,4,0,1,0,1
GBIF Common :: API,org.gbif.api.model.crawler,FinishReason,0,54,0,0,0,6,0,1,0,1
GBIF Common :: API,org.gbif.api.util,SearchTypeValidator,109,524,15,77,13,121,15,47,1,15
GBIF Common :: API,org.gbif.api.util,IsoDateParsingUtils,44,124,8,16,10,28,7,13,1,7
GBIF Common :: API,org.gbif.api.util,IsoDateParsingUtils.IsoDateFormat,1,98,1,3,0,18,1,6,0,5
GBIF Common :: API,org.gbif.api.util,DatasetKey,0,112,0,12,0,23,0,13,0,7
GBIF Common :: API,org.gbif.api.util,ClassificationUtils,205,156,44,24,61,40,44,16,4,8
GBIF Common :: API,org.gbif.api.util,Range,0,89,1,17,0,13,1,16,0,8
GBIF Common :: API,org.gbif.api.util,LengthUtils,3,20,0,0,1,2,1,2,1,2
GBIF Common :: API,org.gbif.api.util,ApiStringUtils,0,13,0,4,0,2,0,4,0,2
GBIF Common :: API,org.gbif.api.util,URIValidator,2,25,2,6,1,8,2,5,0,3
GBIF Common :: API,org.gbif.api.util,IdentifierUtils,3,42,0,9,1,8,1,7,1,1
GBIF Common :: API,org.gbif.api.util,UnicodeUtils,3,80,0,4,1,26,1,4,1,2
GBIF Common :: API,org.gbif.api.util,PreconditionUtils,4,12,1,3,1,5,1,3,0,2
GBIF Common :: API,org.gbif.api.util,MachineTagUtils,221,0,40,0,45,0,33,0,13,0
GBIF Common :: API,org.gbif.api.util,VocabularyUtils,3,124,3,9,2,25,3,11,0,8
GBIF Common :: API,org.gbif.api.util.iterables,NodePager,12,0,0,0,4,0,2,0,2,0
GBIF Common :: API,org.gbif.api.util.iterables,Iterables.new DatasetBasePager() {...},14,0,0,0,2,0,2,0,2,0
GBIF Common :: API,org.gbif.api.util.iterables,DatasetConstituentPager,18,0,0,0,5,0,2,0,2,0
GBIF Common :: API,org.gbif.api.util.iterables,EntityPager,24,0,2,0,7,0,5,0,4,0
GBIF Common :: API,org.gbif.api.util.iterables,EntityPager.ResponseIterator,116,0,10,0,26,0,11,0,6,0
GBIF Common :: API,org.gbif.api.util.iterables,OrgPublishingPager,18,0,0,0,5,0,2,0,2,0
GBIF Common :: API,org.gbif.api.util.iterables,InstallationPager,18,0,0,0,5,0,2,0,2,0
GBIF Common :: API,org.gbif.api.util.iterables,Iterables,341,0,46,0,47,0,42,0,19,0
GBIF Common :: API,org.gbif.api.util.iterables,NodeDatasetPager,18,0,0,0,5,0,2,0,2,0
GBIF Common :: API,org.gbif.api.util.iterables,DatasetPager,26,0,2,0,7,0,3,0,2,0
GBIF Common :: API,org.gbif.api.util.iterables,NodeOrganizationPager,17,0,0,0,5,0,2,0,2,0
GBIF Common :: API,org.gbif.api.util.iterables,DatasetBasePager,71,0,6,0,9,0,6,0,3,0
GBIF Common :: API,org.gbif.api.util.iterables,OrganizationPager,25,0,2,0,7,0,3,0,2,0
GBIF Common :: API,org.gbif.api.util.iterables,OrgHostingPager,18,0,0,0,5,0,2,0,2,0
GBIF Common :: API,org.gbif.api.util.iterables,NetworkPager,18,0,0,0,5,0,2,0,2,0
GBIF Common :: API,org.gbif.api.util.comparators,EndpointPriorityComparator,0,83,0,4,0,10,0,5,0,3
GBIF Common :: API,org.gbif.api.util.comparators,EndpointCreatedComparator,0,11,0,0,0,2,0,2,0,2
GBIF Common :: API,org.gbif.api.model.occurrence,MeasurementOrFact,314,0,24,0,55,0,34,0,22,0
GBIF Common :: API,org.gbif.api.model.occurrence,Gadm,48,79,7,7,9,13,12,7,5,7
GBIF Common :: API,org.gbif.api.model.occurrence,GadmFeature,101,0,10,0,24,0,15,0,10,0
GBIF Common :: API,org.gbif.api.model.occurrence,PredicateDownloadRequest,39,58,4,6,9,12,7,6,3,5
GBIF Common :: API,org.gbif.api.model.occurrence,AgentIdentifier,118,0,10,0,27,0,15,0,10,0
GBIF Common :: API,org.gbif.api.model.occurrence,Download,378,15,30,2,64,4,41,4,26,3
GBIF Common :: API,org.gbif.api.model.occurrence,Download.Status,0,96,0,0,0,11,0,1,0,1
GBIF Common :: API,org.gbif.api.model.occurrence,Occurrence,973,1468,81,109,157,264,123,133,42,119
GBIF Common :: API,org.gbif.api.model.occurrence,OccurrenceRelation,252,0,20,0,44,0,28,0,18,0
GBIF Common :: API,org.gbif.api.model.occurrence,VerbatimOccurrence,159,385,18,26,19,79,20,41,2,37
GBIF Common :: API,org.gbif.api.model.occurrence,DownloadFormat,3,100,0,0,1,12,1,2,1,2
GBIF Common :: API,org.gbif.api.model.occurrence,DownloadRequest,102,111,11,9,25,23,17,8,7,8
GBIF Common :: API,org.gbif.api.model.common.search,SearchRequest,262,43,9,3,56,13,26,4,20,4
GBIF Common :: API,org.gbif.api.model.common.search,Facet,78,37,5,5,18,9,13,2,8,2
GBIF Common :: API,org.gbif.api.model.common.search,FacetedSearchRequest,165,0,2,0,39,0,20,0,19,0
GBIF Common :: API,org.gbif.api.model.common.search,SpellCheckResponse,106,0,10,0,20,0,14,0,9,0
GBIF Common :: API,org.gbif.api.model.common.search,SearchConstants,4,0,0,0,1,0,1,0,1,0
GBIF Common :: API,org.gbif.api.model.common.search,SpellCheckResponse.Suggestion,100,0,10,0,19,0,13,0,8,0
GBIF Common :: API,org.gbif.api.model.common.search,Facet.Count,74,37,5,5,15,9,12,2,7,2
GBIF Common :: API,org.gbif.api.model.common.search,SearchResponse,158,53,7,7,25,13,16,3,9,3
GBIF Common :: API,org.gbif.api.model.checklistbank.search,NameUsageSearchResult,1388,0,100,0,240,0,148,0,98,0
GBIF Common :: API,org.gbif.api.model.checklistbank.search,NameUsageSuggestRequest,3,0,0,0,1,0,1,0,1,0
GBIF Common :: API,org.gbif.api.model.checklistbank.search,NameUsageSearchParameter,0,147,0,0,0,17,0,3,0,3
GBIF Common :: API,org.gbif.api.model.checklistbank.search,NameUsageSearchRequest.QueryField,34,0,0,0,4,0,1,0,1,0
GBIF Common :: API,org.gbif.api.model.checklistbank.search,NameUsageSearchRequest,221,0,0,0,42,0,21,0,21,0
GBIF Common :: API,org.gbif.api.model.checklistbank.search,NameUsageSuggestResult,793,0,60,0,137,0,88,0,58,0
GBIF Common :: API,org.gbif.api.model.collections.view,CollectionView,30,0,0,0,13,0,8,0,8,0
GBIF Common :: API,org.gbif.api.exception,UnparsableException,22,0,0,0,4,0,1,0,1,0
GBIF Common :: API,org.gbif.api.exception,ServiceUnavailableException,9,0,0,0,4,0,2,0,2,0
GBIF Common :: API,org.gbif.api.model,Constants,7,22,0,0,2,7,1,1,1,1
GBIF Common :: API,org.gbif.api.model,ChallengeCode,88,0,0,0,21,0,10,0,10,0
GBIF Common :: API,org.gbif.api.model.checklistbank,TableOfContents,153,0,16,0,27,0,17,0,9,0
GBIF Common :: API,org.gbif.api.model.checklistbank,NameUsageContainer,212,436,23,65,38,93,36,41,17,16
GBIF Common :: API,org.gbif.api.model.checklistbank,NameUsage,679,1048,52,60,108,207,82,85,31,80
GBIF Common :: API,org.gbif.api.model.checklistbank,VernacularName,246,87,13,13,42,16,34,5,21,5
GBIF Common :: API,org.gbif.api.model.checklistbank,NameUsageMatch,813,0,62,0,141,0,90,0,59,0
GBIF Common :: API,org.gbif.api.model.checklistbank,SpeciesProfile,278,134,15,15,42,35,33,14,18,14
GBIF Common :: API,org.gbif.api.model.checklistbank,NameUsageMediaObject,10,7,0,0,4,3,3,2,3,2
GBIF Common :: API,org.gbif.api.model.checklistbank,VerbatimNameUsage,88,200,7,21,11,39,10,23,3,16
GBIF Common :: API,org.gbif.api.model.checklistbank,TypeSpecimen,302,136,21,21,63,25,58,5,37,5
GBIF Common :: API,org.gbif.api.model.checklistbank,NameUsageMetrics,403,0,42,0,72,0,48,0,27,0
GBIF Common :: API,org.gbif.api.model.checklistbank,Distribution,345,112,17,17,59,19,45,6,28,6
GBIF Common :: API,org.gbif.api.model.checklistbank,Reference,272,87,13,13,46,18,35,4,22,4
GBIF Common :: API,org.gbif.api.model.checklistbank,ParsedName,487,869,119,157,103,181,93,113,12,56
GBIF Common :: API,org.gbif.api.model.checklistbank,NameUsageMatch.MatchType,44,0,0,0,5,0,1,0,1,0
GBIF Common :: API,org.gbif.api.model.checklistbank,Description,249,86,13,13,41,17,33,4,20,4
GBIF Common :: API,org.gbif.api.model.checklistbank,DatasetMetrics,508,169,26,22,93,26,71,3,47,3
GBIF Common :: API,org.gbif.api.model.registry.eml.curatorial,CuratorialUnitRange,123,0,12,0,25,0,15,0,9,0
GBIF Common :: API,org.gbif.api.model.registry.eml.curatorial,CuratorialUnitCount,123,0,12,0,25,0,15,0,9,0
GBIF Common :: API,org.gbif.api.model.registry.eml.curatorial,CuratorialUnitType,24,0,0,0,2,0,1,0,1,0
GBIF Common :: API,org.gbif.api.model.registry.eml.curatorial,CuratorialUnitComposite,193,0,16,0,39,0,22,0,14,0
GBIF Common :: API,org.gbif.api.model.registry.eml.curatorial,CuratorialUnit,110,0,10,0,24,0,14,0,9,0
GBIF Common :: API,org.gbif.api.model.common,GbifUserPrincipal,32,0,2,0,11,0,5,0,4,0
GBIF Common :: API,org.gbif.api.model.common,DoiStatus,46,67,12,0,6,9,9,2,3,2
GBIF Common :: API,org.gbif.api.model.common,GbifUser,135,128,6,6,17,29,8,9,2,9
GBIF Common :: API,org.gbif.api.model.common,Identifier,76,61,5,7,9,15,8,9,3,8
GBIF Common :: API,org.gbif.api.model.common,AppPrincipal,30,0,4,0,8,0,6,0,4,0
GBIF Common :: API,org.gbif.api.model.common,DOI.DoiSerializer,0,8,0,0,0,3,0,2,0,2
GBIF Common :: API,org.gbif.api.model.common,User,121,224,13,17,16,47,16,25,3,23
GBIF Common :: API,org.gbif.api.model.common,InterpretedEnum,8,0,0,0,4,0,2,0,2,0
GBIF Common :: API,org.gbif.api.model.common,DoiData,65,59,5,5,14,12,8,5,3,5
GBIF Common :: API,org.gbif.api.model.common,AbstractGbifUser,122,231,14,18,14,47,16,24,2,22
GBIF Common :: API,org.gbif.api.model.common,InterpretedField,109,0,10,0,24,0,14,0,9,0
GBIF Common :: API,org.gbif.api.model.common,DOI.DoiDeserializer,2,14,2,2,1,3,2,2,0,2
GBIF Common :: API,org.gbif.api.model.common,MediaObject,274,181,16,18,30,50,23,26,7,25
GBIF Common :: API,org.gbif.api.model.common,UserPrincipal,10,21,1,1,4,7,3,2,2,2
GBIF Common :: API,org.gbif.api.model.common,DOI,48,182,5,11,16,33,10,14,5,11
GBIF Common :: API,org.gbif.api.model.registry.eml,TaxonomicCoverage,144,0,12,0,30,0,17,0,11,0
GBIF Common :: API,org.gbif.api.model.registry.eml,SamplingDescription,193,0,14,0,39,0,21,0,14,0
GBIF Common :: API,org.gbif.api.model.registry.eml,KeywordCollection,130,0,10,0,28,0,16,0,11,0
GBIF Common :: API,org.gbif.api.model.registry.eml,Project,269,51,19,5,49,15,32,2,20,2
GBIF Common :: API,org.gbif.api.model.registry.eml,TaxonomicCoverages,127,0,10,0,27,0,15,0,10,0
GBIF Common :: API,org.gbif.api.model.registry.eml,Collection,237,0,18,0,49,0,25,0,16,0
GBIF Common :: API,org.gbif.api.model.registry.eml,DataDescription,210,0,16,0,42,0,23,0,15,0
GBIF Common :: API,org.gbif.api.model.metrics.cube,Dimension,60,51,5,5,14,10,11,3,6,3
GBIF Common :: API,org.gbif.api.model.metrics.cube,OccurrenceCube,815,0,0,0,14,0,1,0,1,0
GBIF Common :: API,org.gbif.api.model.metrics.cube,Rollup,52,0,0,0,13,0,6,0,6,0
GBIF Common :: API,org.gbif.api.model.metrics.cube,ReadBuilder,13,98,0,0,3,23,1,10,1,10
GBIF Common :: API,org.gbif.api.model.collections.lookup,Match.Status,64,0,0,0,7,0,1,0,1,0
GBIF Common :: API,org.gbif.api.model.collections.lookup,Match,287,0,34,0,69,0,37,0,20,0
GBIF Common :: API,org.gbif.api.model.collections.lookup,AlternativeMatches,27,0,0,0,9,0,5,0,5,0
GBIF Common :: API,org.gbif.api.model.collections.lookup,BaseEntityMatched,160,0,14,0,29,0,19,0,12,0
GBIF Common :: API,org.gbif.api.model.collections.lookup,InstitutionMatched,3,0,0,0,1,0,1,0,1,0
GBIF Common :: API,org.gbif.api.model.collections.lookup,LookupParams,305,0,32,0,53,0,38,0,22,0
GBIF Common :: API,org.gbif.api.model.collections.lookup,Match.MatchType,44,0,0,0,5,0,1,0,1,0
GBIF Common :: API,org.gbif.api.model.collections.lookup,Match.Reason,94,0,0,0,10,0,1,0,1,0
GBIF Common :: API,org.gbif.api.model.collections.lookup,CollectionMatched,182,0,16,0,33,0,20,0,12,0
GBIF Common :: API,org.gbif.api.model.collections.lookup,LookupResult,24,0,0,0,10,0,7,0,7,0
GBIF Common :: API,org.gbif.api.model.occurrence.predicate,WithinPredicate,63,25,6,0,11,9,7,2,4,2
GBIF Common :: API,org.gbif.api.model.occurrence.predicate,IsNotNullPredicate,86,0,10,0,19,0,11,0,6,0
GBIF Common :: API,org.gbif.api.model.occurrence.predicate,EqualsPredicate,0,36,1,7,0,8,1,5,0,2
GBIF Common :: API,org.gbif.api.model.occurrence.predicate,GreaterThanOrEqualsPredicate,36,0,8,0,9,0,6,0,2,0
GBIF Common :: API,org.gbif.api.model.occurrence.predicate,LessThanOrEqualsPredicate,7,0,0,0,2,0,1,0,1,0
GBIF Common :: API,org.gbif.api.model.occurrence.predicate,LikePredicate,12,12,1,1,1,3,1,1,0,1
GBIF Common :: API,org.gbif.api.model.occurrence.predicate,ConjunctionPredicate,0,23,0,4,0,8,0,4,0,2
GBIF Common :: API,org.gbif.api.model.occurrence.predicate,CompoundPredicate,23,60,6,2,6,10,4,5,1,4
GBIF Common :: API,org.gbif.api.model.occurrence.predicate,GreaterThanPredicate,1,35,2,6,0,9,2,4,0,2
GBIF Common :: API,org.gbif.api.model.occurrence.predicate,SimplePredicate,1,186,5,17,0,34,5,15,0,9
GBIF Common :: API,org.gbif.api.model.occurrence.predicate,DisjunctionPredicate,0,23,0,4,0,8,0,4,0,2
GBIF Common :: API,org.gbif.api.model.occurrence.predicate,InPredicate,55,101,4,12,7,20,6,9,2,5
GBIF Common :: API,org.gbif.api.model.occurrence.predicate,NotPredicate,2,68,2,4,1,14,2,6,0,5
GBIF Common :: API,org.gbif.api.model.occurrence.predicate,LessThanPredicate,0,7,0,0,0,2,0,1,0,1
GBIF Common :: API,org.gbif.api.ws.mixin,Mixins,44,0,0,0,11,0,4,0,4,0
GBIF Common :: API,org.gbif.api.vocabulary,TypeDesignationType,94,0,0,0,10,0,1,0,1,0
GBIF Common :: API,org.gbif.api.vocabulary,UserRole,0,124,0,0,0,13,0,1,0,1
GBIF Common :: API,org.gbif.api.vocabulary,EndpointType,5,144,0,0,1,15,1,1,1,1
GBIF Common :: API,org.gbif.api.vocabulary,Country,3,4084,3,33,1,297,4,25,1,10
GBIF Common :: API,org.gbif.api.vocabulary,NameType,11,149,2,18,4,14,2,12,1,3
GBIF Common :: API,org.gbif.api.vocabulary,ProcessingErrorType,0,34,0,0,0,4,0,1,0,1
GBIF Common :: API,org.gbif.api.vocabulary,Language.IsoSerializer,0,8,0,0,0,3,0,2,0,2
GBIF Common :: API,org.gbif.api.vocabulary,OccurrencePersistenceStatus,44,0,0,0,5,0,1,0,1,0
GBIF Common :: API,org.gbif.api.vocabulary,License,3,166,3,21,1,27,4,16,1,7
GBIF Common :: API,org.gbif.api.vocabulary,BasisOfRecord,0,94,0,0,0,10,0,1,0,1
GBIF Common :: API,org.gbif.api.vocabulary,OccurrenceIssue.TermsGroup,0,189,0,0,0,8,0,1,0,1
GBIF Common :: API,org.gbif.api.vocabulary,AgentIdentifierType,0,34,0,0,0,4,0,1,0,1
GBIF Common :: API,org.gbif.api.vocabulary,InstallationType,79,0,0,0,9,0,2,0,2,0
GBIF Common :: API,org.gbif.api.vocabulary,Country.TitleSerializer,0,8,0,0,0,3,0,2,0,2
GBIF Common :: API,org.gbif.api.vocabulary,MediaType,0,34,0,0,0,4,0,1,0,1
GBIF Common :: API,org.gbif.api.vocabulary,Country.TitleDeserializer,16,25,0,0,3,8,1,5,1,5
GBIF Common :: API,org.gbif.api.vocabulary,AppRole,0,24,0,0,0,3,0,1,0,1
GBIF Common :: API,org.gbif.api.vocabulary,Rank,21,1262,9,29,2,142,8,29,2,16
GBIF Common :: API,org.gbif.api.vocabulary,TagNamespace,155,0,4,0,20,0,6,0,4,0
GBIF Common :: API,org.gbif.api.vocabulary,OccurrenceStatus,0,24,0,0,0,3,0,1,0,1
GBIF Common :: API,org.gbif.api.vocabulary,MetadataType,29,0,0,0,3,0,2,0,2,0
GBIF Common :: API,org.gbif.api.vocabulary,NameUsageIssue,10,760,1,1,3,47,3,5,2,5
GBIF Common :: API,org.gbif.api.vocabulary,Extension,0,271,0,8,0,31,0,8,0,4
GBIF Common :: API,org.gbif.api.vocabulary,TypeStatus,0,472,0,8,0,53,0,9,0,5
GBIF Common :: API,org.gbif.api.vocabulary,DistributionStatus,74,0,0,0,8,0,1,0,1,0
GBIF Common :: API,org.gbif.api.vocabulary,InterpretationRemarkSeverity,0,34,0,0,0,2,0,1,0,1
GBIF Common :: API,org.gbif.api.vocabulary,IdentifierType,10,247,10,28,4,44,11,11,1,2
GBIF Common :: API,org.gbif.api.vocabulary,PreservationMethodType,144,0,0,0,15,0,1,0,1,0
GBIF Common :: API,org.gbif.api.vocabulary,Origin,11,124,2,0,4,13,2,1,1,1
GBIF Common :: API,org.gbif.api.vocabulary,Kingdom,7,140,0,2,2,16,2,5,2,4
GBIF Common :: API,org.gbif.api.vocabulary,DatasetSubtype,0,137,0,0,0,16,0,2,0,2
GBIF Common :: API,org.gbif.api.vocabulary,MaintenanceUpdateFrequency,0,119,0,0,0,13,0,2,0,2
GBIF Common :: API,org.gbif.api.vocabulary,TaxonomicStatus,0,111,0,6,0,12,0,6,0,3
GBIF Common :: API,org.gbif.api.vocabulary,OccurrenceSchemaType,74,0,0,0,2,0,1,0,1,0
GBIF Common :: API,org.gbif.api.vocabulary,Language.LenientKeyDeserializer,24,0,2,0,6,0,3,0,2,0
GBIF Common :: API,org.gbif.api.vocabulary,LifeStage,104,0,0,0,11,0,1,0,1,0
GBIF Common :: API,org.gbif.api.vocabulary,OccurrenceIssue,3,1003,0,0,1,84,1,6,1,6
GBIF Common :: API,org.gbif.api.vocabulary,CitesAppendix,34,0,0,0,4,0,1,0,1,0
GBIF Common :: API,org.gbif.api.vocabulary,NomenclaturalStatus,18,715,5,11,3,63,6,11,3,6
GBIF Common :: API,org.gbif.api.vocabulary,RelationType,54,0,0,0,6,0,1,0,1,0
GBIF Common :: API,org.gbif.api.vocabulary,TechnicalInstallationType,0,54,0,0,0,6,0,1,0,1
GBIF Common :: API,org.gbif.api.vocabulary,ParticipationStatus,59,0,0,0,7,0,2,0,2,0
GBIF Common :: API,org.gbif.api.vocabulary,TagName,201,0,0,0,22,0,4,0,4,0
GBIF Common :: API,org.gbif.api.vocabulary,EstablishmentMeans,0,64,0,0,0,7,0,1,0,1
GBIF Common :: API,org.gbif.api.vocabulary,Country.IsoSerializer,0,8,0,0,0,3,0,2,0,2
GBIF Common :: API,org.gbif.api.vocabulary,Language,1,2150,3,11,0,209,3,12,0,8
GBIF Common :: API,org.gbif.api.vocabulary,NomenclaturalCode,9,122,0,0,3,14,3,2,3,2
GBIF Common :: API,org.gbif.api.vocabulary,NodeType,29,0,0,0,4,0,2,0,2,0
GBIF Common :: API,org.gbif.api.vocabulary,ContactType,17,373,4,0,6,50,3,2,1,2
GBIF Common :: API,org.gbif.api.vocabulary,Sex,0,44,0,0,0,5,0,1,0,1
GBIF Common :: API,org.gbif.api.vocabulary,Habitat,34,0,0,0,4,0,1,0,1,0
GBIF Common :: API,org.gbif.api.vocabulary,ThreatStatus,3,133,0,0,1,15,1,2,1,2
GBIF Common :: API,org.gbif.api.vocabulary,Language.LenientDeserializer,19,24,2,4,6,8,2,4,0,3
GBIF Common :: API,org.gbif.api.vocabulary,Country.IsoDeserializer,16,13,2,2,4,4,2,2,0,2
GBIF Common :: API,org.gbif.api.vocabulary,Continent,3,97,0,0,2,13,0,4,0,4
GBIF Common :: API,org.gbif.api.vocabulary,DatasetType,0,49,0,0,0,6,0,2,0,2
GBIF Common :: API,org.gbif.api.vocabulary,GbifRegion,5,74,0,0,1,8,1,1,1,1
GBIF Common :: API,org.gbif.api.vocabulary,NamePart,11,44,2,0,4,5,2,1,1,1
GBIF Common :: API,org.gbif.api.model.registry.search,KeyTitleResult,111,0,10,0,24,0,14,0,9,0
GBIF Common :: API,org.gbif.api.model.registry.search,DatasetSuggestRequest,3,0,0,0,1,0,1,0,1,0
GBIF Common :: API,org.gbif.api.model.registry.search,DatasetSearchParameter,224,0,0,0,24,0,3,0,3,0
GBIF Common :: API,org.gbif.api.model.registry.search,DatasetSuggestResult,186,0,16,0,32,0,22,0,14,0
GBIF Common :: API,org.gbif.api.model.registry.search,DatasetSearchResult,616,0,46,0,105,0,67,0,44,0
GBIF Common :: API,org.gbif.api.model.registry.search,DatasetSearchRequest,101,0,0,0,36,0,18,0,18,0
GBIF Common :: API,org.gbif.api.model.common.paging,PageableBase,101,66,7,9,22,18,12,8,6,6
GBIF Common :: API,org.gbif.api.model.common.paging,PagingResponse,183,89,13,11,35,19,22,6,11,5
GBIF Common :: API,org.gbif.api.model.common.paging,PagingConstants,7,0,0,0,2,0,1,0,1,0
GBIF Common :: API,org.gbif.api.model.common.paging,PagingRequest,13,5,0,0,6,2,3,1,3,1
GBIF Common :: API,org.gbif.api.model.registry.eml.geospatial,GeospatialCoverage,130,0,12,0,29,0,16,0,10,0
GBIF Common :: API,org.gbif.api.model.registry.eml.geospatial,Point,35,0,0,0,8,0,6,0,6,0
GBIF Common :: API,org.gbif.api.model.registry.eml.geospatial,Polygon,51,0,0,0,11,0,6,0,6,0
GBIF Common :: API,org.gbif.api.model.registry.eml.geospatial,BoundingBox,140,0,8,0,34,0,18,0,14,0
GBIF Common :: API,org.gbif.api.model.registry.search.collections,KeyCodeNameResult,144,0,12,0,25,0,17,0,11,0
GBIF Common :: API,org.gbif.api.model.registry.search.collections,PersonSuggestResult,177,0,14,0,33,0,20,0,13,0
GBIF Common :: API,org.gbif.api.model.pipelines,PipelineStep,484,73,57,11,77,23,57,11,26,8
GBIF Common :: API,org.gbif.api.model.pipelines,PipelineProcess,230,170,34,26,42,43,40,13,15,8
GBIF Common :: API,org.gbif.api.model.pipelines,PipelineExecution,243,63,22,8,38,17,26,10,14,7
GBIF Common :: API,org.gbif.api.model.pipelines,WorkflowStep,79,0,8,0,21,0,15,0,11,0
GBIF Common :: API,org.gbif.api.model.pipelines,StepType,117,0,0,0,15,0,4,0,4,0
GBIF Common :: API,org.gbif.api.model.pipelines,PipelineStep.Status,0,34,0,0,0,4,0,1,0,1
GBIF Common :: API,org.gbif.api.model.pipelines,IngestionProcess,43,0,0,0,16,0,11,0,11,0
GBIF Common :: API,org.gbif.api.model.pipelines,RunPipelineResponse.ResponseStatus,44,0,0,0,5,0,1,0,1,0
GBIF Common :: API,org.gbif.api.model.pipelines,PipelineStep.MetricInfo,113,0,10,0,23,0,14,0,9,0
GBIF Common :: API,org.gbif.api.model.pipelines,RunPipelineResponse.Builder,65,0,4,0,18,0,10,0,8,0
GBIF Common :: API,org.gbif.api.model.pipelines,StepRunner,34,0,0,0,4,0,1,0,1,0
GBIF Common :: API,org.gbif.api.model.pipelines,RunPipelineResponse,114,0,14,0,25,0,17,0,10,0
GBIF Common :: API,org.gbif.api.model.common.messaging,Response.Status,24,0,0,0,2,0,1,0,1,0
GBIF Common :: API,org.gbif.api.model.common.messaging,ResponseChain,51,0,0,0,17,0,7,0,7,0
GBIF Common :: API,org.gbif.api.model.common.messaging,Request,24,0,0,0,10,0,7,0,7,0
GBIF Common :: API,org.gbif.api.model.common.messaging,Request.Builder,61,0,0,0,17,0,7,0,7,0
GBIF Common :: API,org.gbif.api.model.common.messaging,Response.StatusCode,247,0,4,0,30,0,9,0,7,0
GBIF Common :: API,org.gbif.api.model.common.messaging,Response.Builder,86,0,0,0,25,0,9,0,9,0
GBIF Common :: API,org.gbif.api.model.common.messaging,Request.OperationType,54,0,0,0,2,0,1,0,1,0
GBIF Common :: API,org.gbif.api.model.common.messaging,Response,203,0,2,0,55,0,21,0,20,0
