GROUP,PACKAGE,CLASS,INSTRUCTION_MISSED,INSTRUCTION_COVERED,BRANCH_MISSED,BRANCH_COVERED,LINE_MISSED,LINE_COVERED,COMPLEXITY_MISSED,COMPLEXITY_COVERED,METHOD_MISSED,METHOD_COVERED
GBIF Common :: API,org.gbif.api.model.collections,CollectionImportParams,82,0,10,0,19,0,13,0,8,0
GBIF Common :: API,org.gbif.api.model.collections,Institution,2103,0,438,0,178,0,315,0,96,0
GBIF Common :: API,org.gbif.api.model.collections,Batch.State,34,0,0,0,4,0,1,0,1,0
GBIF Common :: API,org.gbif.api.model.collections,OccurrenceMapping,247,0,30,0,58,0,36,0,21,0
GBIF Common :: API,org.gbif.api.model.collections,Address,207,0,30,0,42,0,32,0,17,0
GBIF Common :: API,org.gbif.api.model.collections,Collection,2268,0,474,0,189,0,341,0,104,0
GBIF Common :: API,org.gbif.api.model.collections,MasterSourceMetadata,156,0,16,0,37,0,23,0,15,0
GBIF Common :: API,org.gbif.api.model.collections,CollectionEntityType,34,0,0,0,2,0,1,0,1,0
GBIF Common :: API,org.gbif.api.model.collections,UserId,90,0,10,0,22,0,14,0,9,0
GBIF Common :: API,org.gbif.api.model.collections,AlternativeCode,91,0,10,0,22,0,14,0,9,0
GBIF Common :: API,org.gbif.api.model.collections,SourceableField,69,0,10,0,15,0,12,0,7,0
GBIF Common :: API,org.gbif.api.model.collections,InstitutionImportParams,82,0,10,0,19,0,13,0,8,0
GBIF Common :: API,org.gbif.api.model.collections,Contact,609,0,78,0,130,0,84,0,45,0
GBIF Common :: API,org.gbif.api.model.collections,SourceableField.Source,86,0,12,0,19,0,15,0,9,0
GBIF Common :: API,org.gbif.api.model.collections,Batch,320,0,62,0,9,0,50,0,19,0
GBIF Common :: API,org.gbif.api.model.common.export,ExportFormat,39,0,0,0,7,0,3,0,3,0
GBIF Common :: API,org.gbif.api.model.event,Lineage,167,0,30,0,6,0,27,0,12,0
GBIF Common :: API,org.gbif.api.model.event,Event.ParentLineage,121,0,22,0,4,0,20,0,9,0
GBIF Common :: API,org.gbif.api.model.event,Event,2980,0,520,0,160,0,397,0,137,0
GBIF Common :: API,org.gbif.api.model.event,Event.VocabularyConcept,121,0,22,0,4,0,20,0,9,0
GBIF Common :: API,org.gbif.api.model.literature,LiteratureRelevance,94,0,0,0,10,0,1,0,1,0
GBIF Common :: API,org.gbif.api.model.literature,LiteratureType,204,0,0,0,21,0,1,0,1,0
GBIF Common :: API,org.gbif.api.model.literature,LiteratureTopic,184,0,0,0,19,0,1,0,1,0
GBIF Common :: API,org.gbif.api.model.metrics,RecordError,80,95,8,8,16,27,15,9,7,9
GBIF Common :: API,org.gbif.api.model.metrics,RecordError.Builder,0,33,0,0,0,12,0,7,0,7
GBIF Common :: API,org.gbif.api.model.collections.request,InstitutionFacetedSearchRequest.InstitutionFacetedSearchRequestBuilder,61,0,0,0,1,0,8,0,8,0
GBIF Common :: API,org.gbif.api.model.collections.request,SearchRequest.SearchRequestBuilder,237,0,0,0,1,0,31,0,31,0
GBIF Common :: API,org.gbif.api.model.collections.request,InstitutionFacetedSearchRequest,324,0,56,0,9,0,48,0,20,0
GBIF Common :: API,org.gbif.api.model.collections.request,SearchRequest,1331,0,242,0,34,0,185,0,64,0
GBIF Common :: API,org.gbif.api.model.collections.request,CollectionSearchRequest.CollectionSearchRequestBuilder,47,0,0,0,1,0,7,0,7,0
GBIF Common :: API,org.gbif.api.model.collections.request,DescriptorSearchRequest.CustomBuilder,16,0,0,0,5,0,2,0,2,0
GBIF Common :: API,org.gbif.api.model.collections.request,InstitutionSearchRequest.InstitutionSearchRequestBuilderImpl,7,0,0,0,1,0,2,0,2,0
GBIF Common :: API,org.gbif.api.model.collections.request,CollectionDescriptorsSearchRequest,896,0,160,0,22,0,126,0,46,0
GBIF Common :: API,org.gbif.api.model.collections.request,DescriptorGroupSearchRequest,222,0,38,0,9,0,35,0,16,0
GBIF Common :: API,org.gbif.api.model.collections.request,CollectionDescriptorsSearchRequest.CollectionDescriptorsSearchRequestBuilderImpl,7,0,0,0,1,0,2,0,2,0
GBIF Common :: API,org.gbif.api.model.collections.request,DescriptorSearchRequest.DescriptorSearchRequestBuilder,160,0,0,0,7,0,20,0,20,0
GBIF Common :: API,org.gbif.api.model.collections.request,DescriptorSearchRequest,695,0,126,0,20,0,101,0,38,0
GBIF Common :: API,org.gbif.api.model.collections.request,DescriptorGroupSearchRequest.DescriptorGroupSearchRequestBuilder,45,0,0,0,1,0,7,0,7,0
GBIF Common :: API,org.gbif.api.model.collections.request,InstitutionSearchRequest,179,0,32,0,6,0,28,0,12,0
GBIF Common :: API,org.gbif.api.model.collections.request,CollectionSearchRequest,267,0,48,0,8,0,40,0,16,0
GBIF Common :: API,org.gbif.api.model.collections.request,InstitutionFacetedSearchRequest.InstitutionFacetedSearchRequestBuilderImpl,7,0,0,0,1,0,2,0,2,0
GBIF Common :: API,org.gbif.api.model.collections.request,InstitutionSearchRequest.InstitutionSearchRequestBuilder,31,0,0,0,1,0,5,0,5,0
GBIF Common :: API,org.gbif.api.model.collections.request,CollectionSearchRequest.CollectionSearchRequestBuilderImpl,7,0,0,0,1,0,2,0,2,0
GBIF Common :: API,org.gbif.api.model.collections.request,CollectionDescriptorsSearchRequest.CollectionDescriptorsSearchRequestBuilder,165,0,0,0,1,0,21,0,21,0
GBIF Common :: API,org.gbif.api.util.validators.identifierschemes,IhIrnValidator,24,19,4,2,7,6,4,3,1,3
GBIF Common :: API,org.gbif.api.util.validators.identifierschemes,IdentifierScheme,0,103,0,0,0,13,0,3,0,3
GBIF Common :: API,org.gbif.api.util.validators.identifierschemes,WikidataValidator,0,43,0,6,0,13,0,7,0,4
GBIF Common :: API,org.gbif.api.util.validators.identifierschemes,OtherValidator,19,0,4,0,4,0,5,0,3,0
GBIF Common :: API,org.gbif.api.util.validators.identifierschemes,ViafValidator,24,19,4,2,7,6,4,3,1,3
GBIF Common :: API,org.gbif.api.util.validators.identifierschemes,ResearcherIdValidator,27,29,6,6,7,7,5,5,1,3
GBIF Common :: API,org.gbif.api.util.validators.identifierschemes,IsniValidator,9,37,2,6,3,10,3,5,1,3
GBIF Common :: API,org.gbif.api.util.validators.identifierschemes,OrcidValidator,8,62,4,8,2,12,4,7,0,5
GBIF Common :: API,org.gbif.api.util.validators.identifierschemes,Mod112,7,68,1,5,1,11,2,5,1,3
GBIF Common :: API,org.gbif.api.util.validators.identifierschemes,HuhValidator,32,37,8,8,8,11,6,6,1,3
GBIF Common :: API,org.gbif.api.model.registry.metasync,MetasyncResult,54,0,0,0,6,0,1,0,1,0
GBIF Common :: API,org.gbif.api.model.registry.metasync,MetasyncHistory,125,0,14,0,28,0,19,0,12,0
GBIF Common :: API,org.gbif.api.model.occurrence.search,OccurrencePredicateSearchRequest,10,0,0,0,4,0,3,0,3,0
GBIF Common :: API,org.gbif.api.model.occurrence.search,OccurrenceSearchParameter,0,1357,0,0,0,127,0,3,0,3
GBIF Common :: API,org.gbif.api.model.occurrence.search,OccurrenceSearchRequest,273,0,0,0,108,0,55,0,55,0
GBIF Common :: API,org.gbif.api.model.occurrence.search,InternalOccurrenceSearchParameter,37,0,0,0,7,0,3,0,3,0
GBIF Common :: API,org.gbif.api.model.pipelines.ws,RunAllParams,27,0,0,0,9,0,5,0,5,0
GBIF Common :: API,org.gbif.api.model.pipelines.ws,SearchResult,190,0,24,0,44,0,33,0,21,0
GBIF Common :: API,org.gbif.api.model.pipelines.ws,PipelineProcessParameters,26,0,0,0,12,0,6,0,6,0
GBIF Common :: API,org.gbif.api.model.collections.descriptors,Descriptor,676,0,128,0,17,0,101,0,37,0
GBIF Common :: API,org.gbif.api.model.collections.descriptors,DescriptorGroup,419,0,82,0,16,0,65,0,24,0
GBIF Common :: API,org.gbif.api.util.validators.email,EmailConstraintValidator,2,23,2,2,1,7,2,4,0,4
GBIF Common :: API,org.gbif.api.util,SearchTypeValidator,119,595,23,93,24,153,22,58,3,19
GBIF Common :: API,org.gbif.api.util,IsoDateInterval,25,271,5,43,6,53,8,30,3,11
GBIF Common :: API,org.gbif.api.util,IsoDateParsingUtils,75,187,12,26,14,35,11,15,0,7
GBIF Common :: API,org.gbif.api.util,LenientEqualsUtils,13,0,6,0,1,0,4,0,1,0
GBIF Common :: API,org.gbif.api.util,IsoDateParsingUtils.IsoDateFormat,29,222,7,15,7,48,7,13,0,6
GBIF Common :: API,org.gbif.api.util,DatasetKey,0,99,0,12,0,23,0,13,0,7
GBIF Common :: API,org.gbif.api.util,GrSciCollUtils,3,0,0,0,1,0,1,0,1,0
GBIF Common :: API,org.gbif.api.util,CitationGenerator.CitationData,98,19,22,0,1,3,15,4,4,4
GBIF Common :: API,org.gbif.api.util,ContactAdapter,180,0,30,0,40,0,27,0,12,0
GBIF Common :: API,org.gbif.api.util,RangeValue,30,39,8,8,7,11,11,2,4,1
GBIF Common :: API,org.gbif.api.util,ClassificationUtils,205,156,44,24,61,40,44,16,4,8
GBIF Common :: API,org.gbif.api.util,Range,22,89,5,17,7,13,4,16,1,8
GBIF Common :: API,org.gbif.api.util,CitationGenerator,75,464,20,44,18,117,19,37,1,23
GBIF Common :: API,org.gbif.api.util,LengthUtils,3,20,0,0,1,2,1,2,1,2
GBIF Common :: API,org.gbif.api.util,URIValidator,2,25,2,6,1,6,2,5,0,3
GBIF Common :: API,org.gbif.api.util,IdentifierUtils,47,80,18,18,14,24,15,13,2,6
GBIF Common :: API,org.gbif.api.util,UnicodeUtils,3,80,0,4,1,26,1,4,1,2
GBIF Common :: API,org.gbif.api.util,CitationGenerator.CitationData.CitationDataBuilder,6,21,0,0,0,1,1,4,1,4
GBIF Common :: API,org.gbif.api.util,PreconditionUtils,4,12,1,3,1,5,1,3,0,2
GBIF Common :: API,org.gbif.api.util,MachineTagUtils,221,0,40,0,45,0,33,0,13,0
GBIF Common :: API,org.gbif.api.util,VocabularyUtils,3,109,3,9,2,25,3,11,0,8
GBIF Common :: API,org.gbif.api.util,AnnotationUtils,3,11,0,0,2,3,0,1,0,1
GBIF Common :: API,org.gbif.api.util.iterables,NodePager,12,0,0,0,4,0,2,0,2,0
GBIF Common :: API,org.gbif.api.util.iterables,Iterables.new DatasetBasePager() {...},14,0,0,0,2,0,2,0,2,0
GBIF Common :: API,org.gbif.api.util.iterables,DatasetSearchResultsPager,20,0,0,0,6,0,2,0,2,0
GBIF Common :: API,org.gbif.api.util.iterables,DatasetConstituentPager,18,0,0,0,5,0,2,0,2,0
GBIF Common :: API,org.gbif.api.util.iterables,BasePager,24,0,2,0,7,0,5,0,4,0
GBIF Common :: API,org.gbif.api.util.iterables,EntityPager,25,0,2,0,7,0,4,0,3,0
GBIF Common :: API,org.gbif.api.util.iterables,CollectionDescriptorVerbatimPager,65,0,4,0,15,0,6,0,4,0
GBIF Common :: API,org.gbif.api.util.iterables,OrgPublishingPager,18,0,0,0,5,0,2,0,2,0
GBIF Common :: API,org.gbif.api.util.iterables,InstallationPager,18,0,0,0,5,0,2,0,2,0
GBIF Common :: API,org.gbif.api.util.iterables,Iterables,443,0,46,0,71,0,49,0,26,0
GBIF Common :: API,org.gbif.api.util.iterables,InstitutionsPager,28,0,0,0,7,0,2,0,2,0
GBIF Common :: API,org.gbif.api.util.iterables,CollectionsPager,28,0,0,0,7,0,2,0,2,0
GBIF Common :: API,org.gbif.api.util.iterables,NodeDatasetPager,18,0,0,0,5,0,2,0,2,0
GBIF Common :: API,org.gbif.api.util.iterables,DatasetPager,26,0,2,0,7,0,3,0,2,0
GBIF Common :: API,org.gbif.api.util.iterables,NodeOrganizationPager,17,0,0,0,5,0,2,0,2,0
GBIF Common :: API,org.gbif.api.util.iterables,DatasetBasePager,73,0,6,0,9,0,6,0,3,0
GBIF Common :: API,org.gbif.api.util.iterables,OrganizationPager,25,0,2,0,7,0,3,0,2,0
GBIF Common :: API,org.gbif.api.util.iterables,OrgHostingPager,18,0,0,0,5,0,2,0,2,0
GBIF Common :: API,org.gbif.api.util.iterables,CollectionDescriptorPager,26,0,0,0,7,0,2,0,2,0
GBIF Common :: API,org.gbif.api.util.iterables,DatasetOccurrenceDownloadUsagesPager,17,0,0,0,5,0,2,0,2,0
GBIF Common :: API,org.gbif.api.util.iterables,NetworkPager,18,0,0,0,5,0,2,0,2,0
GBIF Common :: API,org.gbif.api.util.iterables,BasePager.ResponseIterator,101,0,8,0,24,0,10,0,6,0
GBIF Common :: API,org.gbif.api.util.iterables,CollectionDescriptorVerbatimPager.ResponseIterator,101,0,10,0,22,0,11,0,6,0
GBIF Common :: API,org.gbif.api.util.iterables,DownloadStatisticPager,37,0,0,0,9,0,2,0,2,0
GBIF Common :: API,org.gbif.api.model.collections.search,CollectionSearchResponse,644,0,124,0,17,0,97,0,35,0
GBIF Common :: API,org.gbif.api.model.collections.search,Highlight,49,0,6,0,9,0,10,0,7,0
GBIF Common :: API,org.gbif.api.model.collections.search,FacetedSearchResponse,130,0,14,0,13,0,18,0,11,0
GBIF Common :: API,org.gbif.api.model.collections.search,InstitutionSearchResponse,417,0,80,0,11,0,63,0,23,0
GBIF Common :: API,org.gbif.api.model.collections.search,CollectionFacet,146,0,24,0,5,0,23,0,11,0
GBIF Common :: API,org.gbif.api.model.collections.search,DescriptorMatch,595,0,118,0,15,0,92,0,33,0
GBIF Common :: API,org.gbif.api.model.collections.search,CollectionsFullSearchResponse,247,0,48,0,7,0,39,0,15,0
GBIF Common :: API,org.gbif.api.model.collections.search,CollectionFacet.Count,124,0,22,0,5,0,21,0,10,0
GBIF Common :: API,org.gbif.api.model.collections.search,BaseSearchResponse,725,0,142,0,18,0,110,0,39,0
GBIF Common :: API,org.gbif.api.documentation,CommonParameters,3,0,0,0,1,0,1,0,1,0
GBIF Common :: API,org.gbif.api.util.comparators,EndpointPriorityComparator,0,75,0,4,0,10,0,5,0,3
GBIF Common :: API,org.gbif.api.util.comparators,EndpointCreatedComparator,0,11,0,0,0,2,0,2,0,2
GBIF Common :: API,org.gbif.api.model.occurrence,DownloadType,19,34,4,0,6,5,4,2,2,2
GBIF Common :: API,org.gbif.api.model.occurrence,MeasurementOrFact,236,0,24,0,55,0,34,0,22,0
GBIF Common :: API,org.gbif.api.model.occurrence,Gadm,31,79,7,7,9,13,12,7,5,7
GBIF Common :: API,org.gbif.api.model.occurrence,GadmFeature,86,0,10,0,24,0,15,0,10,0
GBIF Common :: API,org.gbif.api.model.occurrence,PredicateDownloadRequest,62,85,9,11,17,15,13,7,4,6
GBIF Common :: API,org.gbif.api.model.occurrence,AgentIdentifier,98,0,10,0,27,0,15,0,10,0
GBIF Common :: API,org.gbif.api.model.occurrence,DownloadStatistics,149,0,14,0,36,0,22,0,15,0
GBIF Common :: API,org.gbif.api.model.occurrence,Download,650,15,122,2,48,4,96,4,35,3
GBIF Common :: API,org.gbif.api.model.occurrence,Download.Status,0,96,0,0,0,11,0,1,0,1
GBIF Common :: API,org.gbif.api.model.occurrence,Occurrence,1426,3152,507,365,147,234,487,179,74,156
GBIF Common :: API,org.gbif.api.model.occurrence,OccurrenceRelation,194,0,20,0,44,0,28,0,18,0
GBIF Common :: API,org.gbif.api.model.occurrence,VerbatimOccurrence,145,322,18,26,21,79,21,42,3,38
GBIF Common :: API,org.gbif.api.model.occurrence,DownloadFormat,3,111,0,0,1,13,1,2,1,2
GBIF Common :: API,org.gbif.api.model.occurrence,SqlDownloadRequest,71,23,11,3,16,5,12,3,5,3
GBIF Common :: API,org.gbif.api.model.occurrence,DownloadRequest,83,126,12,10,29,25,20,9,9,9
GBIF Common :: API,org.gbif.api.model.common.search,SearchRequest,264,53,11,3,65,15,32,4,25,4
GBIF Common :: API,org.gbif.api.model.common.search,Facet,60,37,5,5,18,9,13,2,8,2
GBIF Common :: API,org.gbif.api.model.common.search,FacetedSearchRequest,165,0,2,0,39,0,20,0,19,0
GBIF Common :: API,org.gbif.api.model.common.search,SpellCheckResponse,88,0,10,0,20,0,14,0,9,0
GBIF Common :: API,org.gbif.api.model.common.search,SearchConstants,4,0,0,0,1,0,1,0,1,0
GBIF Common :: API,org.gbif.api.model.common.search,SpellCheckResponse.Suggestion,82,0,10,0,19,0,13,0,8,0
GBIF Common :: API,org.gbif.api.model.common.search,Facet.Count,54,37,5,5,15,9,12,2,7,2
GBIF Common :: API,org.gbif.api.model.common.search,SearchResponse,116,53,7,7,25,13,16,3,9,3
GBIF Common :: API,org.gbif.api.model.collections.view,BatchView,121,0,22,0,7,0,21,0,10,0
GBIF Common :: API,org.gbif.api.model.collections.view,CollectionView,30,0,0,0,13,0,8,0,8,0
GBIF Common :: API,org.gbif.api.model.predicate,InPredicate,31,112,4,14,7,21,6,10,2,5
GBIF Common :: API,org.gbif.api.model.predicate,GeoDistancePredicate,79,34,6,0,17,10,11,1,8,1
GBIF Common :: API,org.gbif.api.model.predicate,CompoundPredicate,23,49,6,2,6,10,4,5,1,4
GBIF Common :: API,org.gbif.api.model.predicate,SimplePredicate,5,163,6,18,1,33,6,15,0,9
GBIF Common :: API,org.gbif.api.model.predicate,EqualsPredicate,0,7,0,0,0,2,0,1,0,1
GBIF Common :: API,org.gbif.api.model.predicate,DisjunctionPredicate,0,23,0,4,0,8,0,4,0,2
GBIF Common :: API,org.gbif.api.model.predicate,ConjunctionPredicate,0,23,0,4,0,8,0,4,0,2
GBIF Common :: API,org.gbif.api.model.predicate,LessThanPredicate,1,49,2,6,0,10,2,5,0,3
GBIF Common :: API,org.gbif.api.model.predicate,NotPredicate,2,56,2,4,1,14,2,6,0,5
GBIF Common :: API,org.gbif.api.model.predicate,GreaterThanOrEqualsPredicate,19,31,4,4,3,7,5,2,1,2
GBIF Common :: API,org.gbif.api.model.predicate,IsNotNullPredicate,74,0,10,0,19,0,11,0,6,0
GBIF Common :: API,org.gbif.api.model.predicate,FullTextSearchPredicate,30,37,3,7,7,8,6,4,3,2
GBIF Common :: API,org.gbif.api.model.predicate,RangePredicate,25,17,0,0,6,6,3,1,3,1
GBIF Common :: API,org.gbif.api.model.predicate,IsNullPredicate,57,17,9,1,12,7,9,2,4,2
GBIF Common :: API,org.gbif.api.model.predicate,GreaterThanPredicate,1,49,2,6,0,10,2,5,0,3
GBIF Common :: API,org.gbif.api.model.predicate,LessThanOrEqualsPredicate,19,31,4,4,3,7,5,2,1,2
GBIF Common :: API,org.gbif.api.model.predicate,WithinPredicate,49,25,6,0,11,9,7,2,4,2
GBIF Common :: API,org.gbif.api.model.predicate,LikePredicate,6,12,1,1,1,3,1,1,0,1
GBIF Common :: API,org.gbif.api.exception,QueryBuildingException,23,0,0,0,9,0,5,0,5,0
GBIF Common :: API,org.gbif.api.exception,UnparsableException,13,0,0,0,4,0,1,0,1,0
GBIF Common :: API,org.gbif.api.exception,ServiceUnavailableException,9,0,0,0,4,0,2,0,2,0
GBIF Common :: API,org.gbif.api.model.registry.eml.curatorial,CuratorialUnitRange,105,0,12,0,25,0,15,0,9,0
GBIF Common :: API,org.gbif.api.model.registry.eml.curatorial,CuratorialUnitCount,105,0,12,0,25,0,15,0,9,0
GBIF Common :: API,org.gbif.api.model.registry.eml.curatorial,CuratorialUnitType,0,24,0,0,0,2,0,1,0,1
GBIF Common :: API,org.gbif.api.model.registry.eml.curatorial,CuratorialUnitComposite,163,0,16,0,39,0,22,0,14,0
GBIF Common :: API,org.gbif.api.model.registry.eml.curatorial,CuratorialUnit,90,0,10,0,24,0,14,0,9,0
GBIF Common :: API,org.gbif.api.model.registry.eml,TaxonomicCoverage,116,0,12,0,30,0,17,0,11,0
GBIF Common :: API,org.gbif.api.model.registry.eml,SamplingDescription,157,0,14,0,39,0,21,0,14,0
GBIF Common :: API,org.gbif.api.model.registry.eml,ProjectAward,159,0,16,0,35,0,23,0,15,0
GBIF Common :: API,org.gbif.api.model.registry.eml,KeywordCollection,110,0,10,0,28,0,16,0,11,0
GBIF Common :: API,org.gbif.api.model.registry.eml,RelatedProject,145,0,16,0,32,0,21,0,13,0
GBIF Common :: API,org.gbif.api.model.registry.eml,Project,267,61,23,5,63,17,40,2,26,2
GBIF Common :: API,org.gbif.api.model.registry.eml,TaxonomicCoverages,107,0,10,0,27,0,15,0,10,0
GBIF Common :: API,org.gbif.api.model.registry.eml,Collection,195,0,18,0,49,0,25,0,16,0
GBIF Common :: API,org.gbif.api.model.registry.eml,DataDescription,166,0,16,0,42,0,23,0,15,0
GBIF Common :: API,org.gbif.api.model.metrics.cube,Dimension,40,51,5,5,14,10,11,3,6,3
GBIF Common :: API,org.gbif.api.model.metrics.cube,OccurrenceCube,815,0,0,0,14,0,1,0,1,0
GBIF Common :: API,org.gbif.api.model.metrics.cube,Rollup,40,0,0,0,13,0,6,0,6,0
GBIF Common :: API,org.gbif.api.model.metrics.cube,ReadBuilder,13,98,0,0,3,23,1,10,1,10
GBIF Common :: API,org.gbif.api.model.collections.lookup,Match.Status,64,0,0,0,7,0,1,0,1,0
GBIF Common :: API,org.gbif.api.model.collections.lookup,Match,269,0,34,0,72,0,40,0,23,0
GBIF Common :: API,org.gbif.api.model.collections.lookup,AlternativeMatches,27,0,0,0,9,0,5,0,5,0
GBIF Common :: API,org.gbif.api.model.collections.lookup,BaseEntityMatched,151,0,16,0,34,0,22,0,14,0
GBIF Common :: API,org.gbif.api.model.collections.lookup,InstitutionMatched,3,0,0,0,1,0,1,0,1,0
GBIF Common :: API,org.gbif.api.model.collections.lookup,LookupParams,241,0,32,0,53,0,38,0,22,0
GBIF Common :: API,org.gbif.api.model.collections.lookup,Match.MatchType,44,0,0,0,5,0,1,0,1,0
GBIF Common :: API,org.gbif.api.model.collections.lookup,Match.Reason,94,0,0,0,10,0,1,0,1,0
GBIF Common :: API,org.gbif.api.model.collections.lookup,CollectionMatched,142,0,16,0,33,0,20,0,12,0
GBIF Common :: API,org.gbif.api.model.collections.lookup,LookupResult,24,0,0,0,10,0,7,0,7,0
GBIF Common :: API,org.gbif.api.ws.mixin,Mixins,60,0,0,0,14,0,4,0,4,0
GBIF Common :: API,org.gbif.api.vocabulary,TypeDesignationType,94,0,0,0,10,0,1,0,1,0
GBIF Common :: API,org.gbif.api.vocabulary,UserRole,0,154,0,0,0,16,0,1,0,1
GBIF Common :: API,org.gbif.api.vocabulary,EndpointType,5,204,0,0,1,21,1,1,1,1
GBIF Common :: API,org.gbif.api.vocabulary,Country,0,4046,3,31,0,298,3,25,0,11
GBIF Common :: API,org.gbif.api.vocabulary,NameType,11,149,2,18,4,14,2,12,1,3
GBIF Common :: API,org.gbif.api.vocabulary,ProcessingErrorType,0,34,0,0,0,4,0,1,0,1
GBIF Common :: API,org.gbif.api.vocabulary,Language.IsoSerializer,0,8,0,0,0,3,0,2,0,2
GBIF Common :: API,org.gbif.api.vocabulary,OrganizationUsageSortField,34,0,0,0,4,0,1,0,1,0
GBIF Common :: API,org.gbif.api.vocabulary,OccurrencePersistenceStatus,44,0,0,0,5,0,1,0,1,0
GBIF Common :: API,org.gbif.api.vocabulary,License,3,166,3,21,1,27,4,16,1,7
GBIF Common :: API,org.gbif.api.vocabulary,BasisOfRecord,0,114,0,0,0,12,0,1,0,1
GBIF Common :: API,org.gbif.api.vocabulary,OccurrenceIssue.TermsGroup,0,205,0,0,0,8,0,1,0,1
GBIF Common :: API,org.gbif.api.vocabulary,AgentIdentifierType,0,34,0,0,0,4,0,1,0,1
GBIF Common :: API,org.gbif.api.vocabulary,InstallationType,89,0,0,0,10,0,2,0,2,0
GBIF Common :: API,org.gbif.api.vocabulary,Country.TitleSerializer,0,8,0,0,0,3,0,2,0,2
GBIF Common :: API,org.gbif.api.vocabulary,SortOrder,24,0,0,0,3,0,1,0,1,0
GBIF Common :: API,org.gbif.api.vocabulary,CountryUsageSortField,24,0,0,0,3,0,1,0,1,0
GBIF Common :: API,org.gbif.api.vocabulary,MediaType,0,44,0,0,0,5,0,1,0,1
GBIF Common :: API,org.gbif.api.vocabulary,Country.TitleDeserializer,10,25,0,0,3,8,1,5,1,5
GBIF Common :: API,org.gbif.api.vocabulary,AppRole,0,24,0,0,0,3,0,1,0,1
GBIF Common :: API,org.gbif.api.vocabulary,Rank,21,1262,9,29,2,142,8,29,2,16
GBIF Common :: API,org.gbif.api.vocabulary,TagNamespace,155,0,4,0,20,0,6,0,4,0
GBIF Common :: API,org.gbif.api.vocabulary,OccurrenceStatus,0,24,0,0,0,3,0,1,0,1
GBIF Common :: API,org.gbif.api.vocabulary,MetadataType,29,0,0,0,3,0,2,0,2,0
GBIF Common :: API,org.gbif.api.vocabulary,NameUsageIssue,10,788,1,1,3,48,3,5,2,5
GBIF Common :: API,org.gbif.api.vocabulary,Extension,2,515,0,8,1,68,1,9,1,5
GBIF Common :: API,org.gbif.api.vocabulary,TypeStatus,0,482,0,8,0,54,0,9,0,5
GBIF Common :: API,org.gbif.api.vocabulary,DistributionStatus,74,0,0,0,8,0,1,0,1,0
GBIF Common :: API,org.gbif.api.vocabulary,InterpretationRemarkSeverity,0,34,0,0,0,2,0,1,0,1
GBIF Common :: API,org.gbif.api.vocabulary,IdentifierType,14,349,12,36,6,60,13,14,1,2
GBIF Common :: API,org.gbif.api.vocabulary,PreservationMethodType,0,144,0,0,0,15,0,1,0,1
GBIF Common :: API,org.gbif.api.vocabulary,Origin,11,124,2,0,4,13,2,1,1,1
GBIF Common :: API,org.gbif.api.vocabulary,Kingdom,7,129,0,2,2,16,2,5,2,4
GBIF Common :: API,org.gbif.api.vocabulary,DatasetSubtype,0,153,0,0,0,19,0,2,0,2
GBIF Common :: API,org.gbif.api.vocabulary,MaintenanceUpdateFrequency,0,129,0,0,0,14,0,2,0,2
GBIF Common :: API,org.gbif.api.vocabulary,TaxonomicStatus,0,91,0,6,0,10,0,6,0,3
GBIF Common :: API,org.gbif.api.vocabulary,Language.IsoKeySerializer,8,0,0,0,3,0,2,0,2,0
GBIF Common :: API,org.gbif.api.vocabulary,OccurrenceSchemaType,74,0,0,0,2,0,1,0,1,0
GBIF Common :: API,org.gbif.api.vocabulary,Language.LenientKeyDeserializer,18,0,2,0,6,0,3,0,2,0
GBIF Common :: API,org.gbif.api.vocabulary,LifeStage,104,0,0,0,11,0,1,0,1,0
GBIF Common :: API,org.gbif.api.vocabulary,OccurrenceIssue,3,1653,0,0,1,114,1,6,1,6
GBIF Common :: API,org.gbif.api.vocabulary,CitesAppendix,34,0,0,0,4,0,1,0,1,0
GBIF Common :: API,org.gbif.api.vocabulary,NomenclaturalStatus,18,715,5,11,3,63,6,11,3,6
GBIF Common :: API,org.gbif.api.vocabulary,RelationType,54,0,0,0,6,0,1,0,1,0
GBIF Common :: API,org.gbif.api.vocabulary,TechnicalInstallationType,0,54,0,0,0,6,0,1,0,1
GBIF Common :: API,org.gbif.api.vocabulary,DatasetUsageSortField,34,0,0,0,4,0,1,0,1,0
GBIF Common :: API,org.gbif.api.vocabulary,ParticipationStatus,5,54,0,0,1,6,1,1,1,1
GBIF Common :: API,org.gbif.api.vocabulary,TagName,201,0,0,0,22,0,4,0,4,0
GBIF Common :: API,org.gbif.api.vocabulary,EstablishmentMeans,64,0,0,0,7,0,1,0,1,0
GBIF Common :: API,org.gbif.api.vocabulary,Country.IsoSerializer,0,8,0,0,0,3,0,2,0,2
GBIF Common :: API,org.gbif.api.vocabulary,Language,2,2124,1,7,1,205,1,11,0,8
GBIF Common :: API,org.gbif.api.vocabulary,NomenclaturalCode,9,122,0,0,3,14,3,2,3,2
GBIF Common :: API,org.gbif.api.vocabulary,NodeType,5,24,0,0,1,3,1,1,1,1
GBIF Common :: API,org.gbif.api.vocabulary,ContactType,17,383,4,0,6,51,3,2,1,2
GBIF Common :: API,org.gbif.api.vocabulary,Sex,44,0,0,0,5,0,1,0,1,0
GBIF Common :: API,org.gbif.api.vocabulary,Habitat,34,0,0,0,4,0,1,0,1,0
GBIF Common :: API,org.gbif.api.vocabulary,ThreatStatus,3,133,0,0,1,15,1,2,1,2
GBIF Common :: API,org.gbif.api.vocabulary,Language.LenientDeserializer,13,24,2,4,6,8,2,4,0,3
GBIF Common :: API,org.gbif.api.vocabulary,Country.IsoDeserializer,10,13,2,2,4,4,2,2,0,2
GBIF Common :: API,org.gbif.api.vocabulary,Continent,3,97,0,0,2,13,0,4,0,4
GBIF Common :: API,org.gbif.api.vocabulary,DatasetType,0,49,0,0,0,6,0,2,0,2
GBIF Common :: API,org.gbif.api.vocabulary,GbifRegion,5,74,0,0,1,8,1,1,1,1
GBIF Common :: API,org.gbif.api.vocabulary,NamePart,11,44,2,0,4,5,2,1,1,1
GBIF Common :: API,org.gbif.api.model.occurrence.geo,DistanceUnit.Distance,28,40,3,3,5,10,6,4,3,4
GBIF Common :: API,org.gbif.api.model.occurrence.geo,DistanceUnit.GeoDistance,101,65,14,2,17,17,14,4,6,4
GBIF Common :: API,org.gbif.api.model.occurrence.geo,DistanceUnit,5,292,1,7,2,25,2,10,1,7
GBIF Common :: API,org.gbif.api.model.registry.search,InstallationRequestSearchParams,24,0,0,0,5,0,7,0,7,0
GBIF Common :: API,org.gbif.api.model.registry.search,NetworkRequestSearchParams,10,0,0,0,3,0,3,0,3,0
GBIF Common :: API,org.gbif.api.model.registry.search,KeyTitleResult,91,0,10,0,24,0,14,0,9,0
GBIF Common :: API,org.gbif.api.model.registry.search,DatasetSuggestRequest,3,0,0,0,1,0,1,0,1,0
GBIF Common :: API,org.gbif.api.model.registry.search,DatasetSearchParameter,279,0,0,0,29,0,3,0,3,0
GBIF Common :: API,org.gbif.api.model.registry.search,OrganizationRequestSearchParams,24,0,0,0,5,0,7,0,7,0
GBIF Common :: API,org.gbif.api.model.registry.search,DatasetSuggestResult,146,0,16,0,32,0,22,0,14,0
GBIF Common :: API,org.gbif.api.model.registry.search,DatasetSearchResult,532,0,50,0,121,0,77,0,52,0
GBIF Common :: API,org.gbif.api.model.registry.search,NodeRequestSearchParams,3,0,0,0,1,0,1,0,1,0
GBIF Common :: API,org.gbif.api.model.registry.search,DatasetSearchRequest,101,0,0,0,36,0,18,0,18,0
GBIF Common :: API,org.gbif.api.model.registry.search,RequestSearchParams,71,0,2,0,14,0,18,0,17,0
GBIF Common :: API,org.gbif.api.model.registry.search,DatasetRequestSearchParams,17,0,0,0,4,0,5,0,5,0
GBIF Common :: API,org.gbif.api.model.registry.view,OrganizationContactView,210,0,38,0,7,0,33,0,14,0
GBIF Common :: API,org.gbif.api.model.common.paging,PageableBase,83,66,7,9,22,18,12,8,6,6
GBIF Common :: API,org.gbif.api.model.common.paging,PagingResponse,153,89,13,11,35,19,22,6,11,5
GBIF Common :: API,org.gbif.api.model.common.paging,PagingConstants,7,0,0,0,2,0,1,0,1,0
GBIF Common :: API,org.gbif.api.model.common.paging,PagingRequest,13,5,0,0,6,2,3,1,3,1
GBIF Common :: API,org.gbif.api.model.registry.eml.geospatial,GeospatialCoverage,110,0,12,0,29,0,16,0,10,0
GBIF Common :: API,org.gbif.api.model.registry.eml.geospatial,Point,35,0,0,0,8,0,6,0,6,0
GBIF Common :: API,org.gbif.api.model.registry.eml.geospatial,Polygon,44,0,0,0,11,0,6,0,6,0
GBIF Common :: API,org.gbif.api.model.registry.eml.geospatial,BoundingBox,140,0,8,0,34,0,18,0,14,0
GBIF Common :: API,org.gbif.api.model.registry.search.collections,KeyCodeNameResult,116,0,12,0,25,0,17,0,11,0
GBIF Common :: API,org.gbif.api.model.collections.merge,MergeParams,10,0,0,0,4,0,3,0,3,0
GBIF Common :: API,org.gbif.api.model.collections.merge,ConvertToCollectionParams,17,0,0,0,7,0,5,0,5,0
GBIF Common :: API,org.gbif.api.model.registry,OrganizationOccurrenceDownloadUsage,226,0,40,0,6,0,35,0,15,0
GBIF Common :: API,org.gbif.api.model.registry,Network,619,97,82,0,129,31,79,21,38,21
GBIF Common :: API,org.gbif.api.model.registry,Grid,126,0,18,0,20,0,19,0,10,0
GBIF Common :: API,org.gbif.api.model.registry,Endpoint,208,65,32,0,43,18,35,5,19,5
GBIF Common :: API,org.gbif.api.model.registry,EndorsementStatus,0,44,0,0,0,5,0,1,0,1
GBIF Common :: API,org.gbif.api.model.registry,Node,726,124,86,0,149,38,91,23,48,23
GBIF Common :: API,org.gbif.api.model.registry,Installation,508,0,52,0,115,0,69,0,43,0
GBIF Common :: API,org.gbif.api.model.registry,ConfirmationKeyParameter,16,0,0,0,7,0,4,0,4,0
GBIF Common :: API,org.gbif.api.model.registry,DatasetOccurrenceDownloadUsage,346,0,64,0,27,0,53,0,21,0
GBIF Common :: API,org.gbif.api.model.registry,Organization,817,124,114,0,165,42,103,29,46,29
GBIF Common :: API,org.gbif.api.model.registry,MaintenanceChange,126,0,14,0,27,0,19,0,12,0
GBIF Common :: API,org.gbif.api.model.registry,CitationContact,155,36,18,0,31,13,20,6,11,6
GBIF Common :: API,org.gbif.api.model.registry,Tag,89,63,8,8,23,16,16,7,9,6
GBIF Common :: API,org.gbif.api.model.registry,Identifier,189,25,24,0,38,10,26,5,14,5
GBIF Common :: API,org.gbif.api.model.registry,Contact,628,197,86,20,132,50,86,24,43,14
GBIF Common :: API,org.gbif.api.model.registry,CountryOccurrenceDownloadUsage,146,0,24,0,4,0,23,0,11,0
GBIF Common :: API,org.gbif.api.model.registry,Dataset,1185,368,145,23,243,97,166,41,82,41
GBIF Common :: API,org.gbif.api.model.registry,MachineTag,231,0,26,0,54,0,34,0,21,0
GBIF Common :: API,org.gbif.api.model.registry,Citation,69,50,6,6,17,11,12,5,6,5
GBIF Common :: API,org.gbif.api.model.registry,Comment,181,0,20,0,42,0,27,0,17,0
GBIF Common :: API,org.gbif.api.model.registry,Metadata,240,0,30,0,53,0,36,0,21,0
GBIF Common :: API,org.gbif.api.jackson,ExtensionKeySerializer,0,8,0,0,0,3,0,2,0,2
GBIF Common :: API,org.gbif.api.jackson,DateSerde.NoTimezoneDateJsonSerializer,0,11,1,1,0,4,1,2,0,2
GBIF Common :: API,org.gbif.api.jackson,DateSerde,3,10,0,0,1,3,1,1,1,1
GBIF Common :: API,org.gbif.api.jackson,LocalDateTimeSerDe.LocalDateTimeSerializer,8,0,0,0,3,0,2,0,2,0
GBIF Common :: API,org.gbif.api.jackson,ExtensionSerializer,0,8,0,0,0,3,0,2,0,2
GBIF Common :: API,org.gbif.api.jackson,BasisOfRecordSerde.BasisOfRecordJsonDeserializer,24,0,4,0,7,0,4,0,2,0
GBIF Common :: API,org.gbif.api.jackson,LicenseSerde,3,0,0,0,1,0,1,0,1,0
GBIF Common :: API,org.gbif.api.jackson,RankSerde.RankJsonSerializer,3,22,1,3,2,6,1,3,0,2
GBIF Common :: API,org.gbif.api.jackson,TermMapListSerializer,59,0,10,0,14,0,7,0,2,0
GBIF Common :: API,org.gbif.api.jackson,MapEntrySerde.MapEntryJsonSerializer,22,0,2,0,9,0,3,0,2,0
GBIF Common :: API,org.gbif.api.jackson,TermMapListDeserializer,92,0,10,0,18,0,7,0,2,0
GBIF Common :: API,org.gbif.api.jackson,BasisOfRecordSerde,13,0,4,0,2,0,4,0,2,0
GBIF Common :: API,org.gbif.api.jackson,LocalDateTimeSerDe.LocalDateTimeDeserializer,7,0,0,0,2,0,2,0,2,0
GBIF Common :: API,org.gbif.api.jackson,BasisOfRecordSerde.BasisOfRecordJsonSerializer,14,0,2,0,6,0,3,0,2,0
GBIF Common :: API,org.gbif.api.jackson,RankSerde,3,0,0,0,1,0,1,0,1,0
GBIF Common :: API,org.gbif.api.jackson,ExtensionKeyDeserializer,0,6,0,0,0,2,0,2,0,2
GBIF Common :: API,org.gbif.api.jackson,DownloadRequestSerde,24,335,3,17,6,54,3,15,0,8
GBIF Common :: API,org.gbif.api.jackson,LocalDateTimeSerDe,3,0,0,0,1,0,1,0,1,0
GBIF Common :: API,org.gbif.api.jackson,DateSerde.FlexibleDateJsonDeserializer,4,24,1,3,1,6,1,3,0,2
GBIF Common :: API,org.gbif.api.jackson,EmptyToNullUriDeserializer,15,13,2,2,4,4,2,2,0,2
GBIF Common :: API,org.gbif.api.jackson,MapEntrySerde.MapEntryJsonDeserializer,51,0,4,0,16,0,5,0,2,0
GBIF Common :: API,org.gbif.api.jackson,MapEntrySerde,3,0,0,0,1,0,1,0,1,0
GBIF Common :: API,org.gbif.api.jackson,RankSerde.RankJsonDeserializer,7,56,1,7,3,10,1,6,0,3
GBIF Common :: API,org.gbif.api.jackson,LicenseSerde.LicenseJsonSerializer,3,19,1,3,2,7,1,3,0,2
GBIF Common :: API,org.gbif.api.jackson,LicenseSerde.LicenseJsonDeserializer,6,29,2,4,2,7,2,3,0,2
GBIF Common :: API,org.gbif.api.jackson,IsoDateIntervalSerde.IsoDateIntervalDeserializer,9,13,1,1,3,4,1,2,0,2
GBIF Common :: API,org.gbif.api.jackson,ExtensionDeserializer,15,0,2,0,4,0,3,0,2,0
GBIF Common :: API,org.gbif.api.jackson,IsoDateIntervalSerde,3,0,0,0,1,0,1,0,1,0
GBIF Common :: API,org.gbif.api.jackson,TermMapListDeserializer.new TypeReference() {...},6,0,0,0,1,0,1,0,1,0
GBIF Common :: API,org.gbif.api.jackson,IsoDateIntervalSerde.IsoDateIntervalSerializer,0,10,1,1,0,4,1,2,0,2
GBIF Common :: API,org.gbif.api.model.literature.search,LiteratureSearchRequest,19,0,0,0,7,0,5,0,5,0
GBIF Common :: API,org.gbif.api.model.literature.search,LiteratureSearchParameter,323,0,0,0,33,0,3,0,3,0
GBIF Common :: API,org.gbif.api.model.literature.search,LiteratureSearchResult,345,0,0,0,58,0,73,0,73,0
GBIF Common :: API,org.gbif.api.vocabulary.collections,Discipline,1082,0,0,0,102,0,3,0,3,0
GBIF Common :: API,org.gbif.api.vocabulary.collections,InstitutionType,114,0,0,0,12,0,1,0,1,0
GBIF Common :: API,org.gbif.api.vocabulary.collections,CollectionFacetParameter,174,0,0,0,18,0,1,0,1,0
GBIF Common :: API,org.gbif.api.vocabulary.collections,AccessionStatus,24,0,0,0,3,0,1,0,1,0
GBIF Common :: API,org.gbif.api.vocabulary.collections,PreservationType,268,0,0,0,28,0,3,0,3,0
GBIF Common :: API,org.gbif.api.vocabulary.collections,MasterSourceType,34,0,0,0,4,0,1,0,1,0
GBIF Common :: API,org.gbif.api.vocabulary.collections,InstitutionFacetParameter,44,0,0,0,5,0,1,0,1,0
GBIF Common :: API,org.gbif.api.vocabulary.collections,InstitutionGovernance,114,0,0,0,12,0,1,0,1,0
GBIF Common :: API,org.gbif.api.vocabulary.collections,CollectionsSortField,14,0,0,0,2,0,1,0,1,0
GBIF Common :: API,org.gbif.api.vocabulary.collections,Source,34,0,0,0,4,0,1,0,1,0
GBIF Common :: API,org.gbif.api.vocabulary.collections,Format,24,0,0,0,3,0,1,0,1,0
GBIF Common :: API,org.gbif.api.vocabulary.collections,IdType,84,0,0,0,9,0,1,0,1,0
GBIF Common :: API,org.gbif.api.vocabulary.collections,CollectionContentType,763,0,0,0,73,0,3,0,3,0
GBIF Common :: API,org.gbif.api.model.registry.eml.temporal,SingleDate,74,7,8,0,18,3,10,2,6,2
GBIF Common :: API,org.gbif.api.model.registry.eml.temporal,VerbatimTimePeriod,85,7,10,0,18,3,13,2,8,2
GBIF Common :: API,org.gbif.api.model.registry.eml.temporal,TemporalCoverage,0,3,0,0,0,1,0,1,0,1
GBIF Common :: API,org.gbif.api.model.registry.eml.temporal,VerbatimTimePeriodType,24,0,0,0,2,0,1,0,1,0
GBIF Common :: API,org.gbif.api.model.registry.eml.temporal,DateRange,136,7,16,0,32,3,17,2,9,2
GBIF Common :: API,org.gbif.api.v2,NameUsageMatch2,146,0,18,0,31,0,24,0,15,0
GBIF Common :: API,org.gbif.api.v2,NameUsageMatch2.Nomenclature,64,0,10,0,13,0,12,0,7,0
GBIF Common :: API,org.gbif.api.v2,RankedName,113,0,12,0,30,0,17,0,11,0
GBIF Common :: API,org.gbif.api.v2,NameUsageMatch2.Diagnostics,144,0,18,0,30,0,24,0,15,0
GBIF Common :: API,org.gbif.api.model.crawler,DatasetProcessStatus,126,717,43,43,28,134,44,53,1,53
GBIF Common :: API,org.gbif.api.model.crawler,DwcaValidationReport,173,110,32,12,33,28,24,10,7,5
GBIF Common :: API,org.gbif.api.model.crawler,CrawlJob,61,126,9,11,17,23,12,9,3,8
GBIF Common :: API,org.gbif.api.model.crawler,DatasetProcessStatus.Builder,15,113,0,0,6,44,3,23,3,23
GBIF Common :: API,org.gbif.api.model.crawler,GenericValidationReport,140,48,18,4,24,15,17,5,8,3
GBIF Common :: API,org.gbif.api.model.crawler,OccurrenceValidationReport,162,168,21,29,25,33,20,18,9,4
GBIF Common :: API,org.gbif.api.model.crawler,ProcessState,0,34,0,0,0,4,0,1,0,1
GBIF Common :: API,org.gbif.api.model.crawler,FinishReason,0,54,0,0,0,6,0,1,0,1
GBIF Common :: API,org.gbif.api.model.checklistbank.search,NameUsageSearchResult,1079,0,100,0,240,0,148,0,98,0
GBIF Common :: API,org.gbif.api.model.checklistbank.search,NameUsageSuggestRequest,3,0,0,0,1,0,1,0,1,0
GBIF Common :: API,org.gbif.api.model.checklistbank.search,NameUsageSearchParameter,0,147,0,0,0,17,0,3,0,3
GBIF Common :: API,org.gbif.api.model.checklistbank.search,NameUsageSearchRequest,99,0,0,0,34,0,17,0,17,0
GBIF Common :: API,org.gbif.api.model.checklistbank.search,NameUsageSearchRequest.NameUsageQueryField,34,0,0,0,4,0,1,0,1,0
GBIF Common :: API,org.gbif.api.model.checklistbank.search,NameUsageSuggestResult,615,0,60,0,137,0,88,0,58,0
GBIF Common :: API,org.gbif.api.model,Constants,7,25,0,0,2,8,1,1,1,1
GBIF Common :: API,org.gbif.api.model,ChallengeCode,62,0,0,0,21,0,10,0,10,0
GBIF Common :: API,org.gbif.api.model.checklistbank,TableOfContents,141,0,16,0,27,0,17,0,9,0
GBIF Common :: API,org.gbif.api.model.checklistbank,NameUsageContainer,176,436,23,65,38,93,36,41,17,16
GBIF Common :: API,org.gbif.api.model.checklistbank,NameUsage,341,1048,52,60,108,207,82,85,31,80
GBIF Common :: API,org.gbif.api.model.checklistbank,VernacularName,174,87,13,13,42,16,34,5,21,5
GBIF Common :: API,org.gbif.api.model.checklistbank,NameUsageMatch,629,0,62,0,141,0,90,0,59,0
GBIF Common :: API,org.gbif.api.model.checklistbank,SpeciesProfile,186,134,15,15,42,35,33,14,18,14
GBIF Common :: API,org.gbif.api.model.checklistbank,NameUsageMediaObject,10,7,0,0,4,3,3,2,3,2
GBIF Common :: API,org.gbif.api.model.checklistbank,VerbatimNameUsage,58,201,7,21,11,39,10,23,3,16
GBIF Common :: API,org.gbif.api.model.checklistbank,TypeSpecimen,254,136,21,21,63,25,58,5,37,5
GBIF Common :: API,org.gbif.api.model.checklistbank,NameUsageMetrics,331,0,42,0,72,0,48,0,27,0
GBIF Common :: API,org.gbif.api.model.checklistbank,Distribution,239,112,17,17,59,19,45,6,28,6
GBIF Common :: API,org.gbif.api.model.checklistbank,Reference,182,87,13,13,46,18,35,4,22,4
GBIF Common :: API,org.gbif.api.model.checklistbank,ParsedName,486,859,118,156,103,181,92,113,12,56
GBIF Common :: API,org.gbif.api.model.checklistbank,NameUsageMatch.MatchType,54,0,0,0,6,0,1,0,1,0
GBIF Common :: API,org.gbif.api.model.checklistbank,Description,171,86,13,13,41,17,33,4,20,4
GBIF Common :: API,org.gbif.api.model.checklistbank,DatasetMetrics,388,169,26,22,93,26,71,3,47,3
GBIF Common :: API,org.gbif.api.model.common,GbifUserPrincipal,10,22,1,1,4,7,3,2,2,2
GBIF Common :: API,org.gbif.api.model.common,DoiStatus,46,67,12,0,6,9,9,2,3,2
GBIF Common :: API,org.gbif.api.model.common,GbifUser,61,128,6,6,17,29,8,9,2,9
GBIF Common :: API,org.gbif.api.model.common,Identifier,48,61,5,7,9,15,8,9,3,8
GBIF Common :: API,org.gbif.api.model.common,AppPrincipal,30,0,4,0,8,0,6,0,4,0
GBIF Common :: API,org.gbif.api.model.common,DOI.DoiSerializer,0,8,0,0,0,3,0,2,0,2
GBIF Common :: API,org.gbif.api.model.common,User,59,217,13,17,16,46,16,25,3,23
GBIF Common :: API,org.gbif.api.model.common,InterpretedEnum,8,0,0,0,4,0,2,0,2,0
GBIF Common :: API,org.gbif.api.model.common,DoiData,47,59,5,5,14,12,8,5,3,5
GBIF Common :: API,org.gbif.api.model.common,AbstractGbifUser,60,231,14,18,14,44,16,24,2,22
GBIF Common :: API,org.gbif.api.model.common,InterpretedField,91,0,10,0,24,0,14,0,9,0
GBIF Common :: API,org.gbif.api.model.common,DOI.DoiDeserializer,2,14,2,2,1,3,2,2,0,2
GBIF Common :: API,org.gbif.api.model.common,MediaObject,164,181,16,18,30,50,23,26,7,25
GBIF Common :: API,org.gbif.api.model.common,UserPrincipal,31,0,2,0,11,0,5,0,4,0
GBIF Common :: API,org.gbif.api.model.common,DOI,42,160,5,11,16,33,10,14,5,11
GBIF Common :: API,org.gbif.api.model.collections.duplicates,DuplicatesResult,22,0,0,0,8,0,5,0,5,0
GBIF Common :: API,org.gbif.api.model.collections.duplicates,Duplicate,224,0,28,0,50,0,39,0,25,0
GBIF Common :: API,org.gbif.api.model.collections.duplicates,DuplicatesRequest,196,0,20,0,58,0,36,0,26,0
GBIF Common :: API,org.gbif.api.model.collections.latimercore,Identifier,115,0,22,0,3,0,20,0,9,0
GBIF Common :: API,org.gbif.api.model.collections.latimercore,PersonRole,170,0,30,0,4,0,26,0,11,0
GBIF Common :: API,org.gbif.api.model.collections.latimercore,ObjectGroup,785,0,142,0,18,0,110,0,39,0
GBIF Common :: API,org.gbif.api.model.collections.latimercore,GeographicContext,80,0,14,0,2,0,14,0,7,0
GBIF Common :: API,org.gbif.api.model.collections.latimercore,ObjectClassification,115,0,22,0,3,0,20,0,9,0
GBIF Common :: API,org.gbif.api.model.collections.latimercore,MeasurementOrFact,155,0,30,0,4,0,26,0,11,0
GBIF Common :: API,org.gbif.api.model.collections.latimercore,Reference,155,0,30,0,4,0,26,0,11,0
GBIF Common :: API,org.gbif.api.model.collections.latimercore,ContactDetail,115,0,22,0,3,0,20,0,9,0
GBIF Common :: API,org.gbif.api.model.collections.latimercore,OrganisationalUnit,340,0,62,0,8,0,50,0,19,0
GBIF Common :: API,org.gbif.api.model.collections.latimercore,Role,81,0,14,0,4,0,15,0,8,0
GBIF Common :: API,org.gbif.api.model.collections.latimercore,Address,275,0,54,0,7,0,44,0,17,0
GBIF Common :: API,org.gbif.api.model.collections.latimercore,ResourceRelationship,115,0,22,0,3,0,20,0,9,0
GBIF Common :: API,org.gbif.api.model.collections.latimercore,CollectionStatusHistory,115,0,22,0,3,0,20,0,9,0
GBIF Common :: API,org.gbif.api.model.collections.latimercore,Person,295,0,54,0,7,0,44,0,17,0
GBIF Common :: API,org.gbif.api.model.pipelines,PipelineStep,408,75,66,8,83,20,62,10,25,10
GBIF Common :: API,org.gbif.api.model.pipelines,PipelineProcess,183,199,37,33,42,47,43,16,15,9
GBIF Common :: API,org.gbif.api.model.pipelines,PipelineExecution,212,32,22,0,43,9,27,5,16,5
GBIF Common :: API,org.gbif.api.model.pipelines,WorkflowStep,79,0,8,0,21,0,15,0,11,0
GBIF Common :: API,org.gbif.api.model.pipelines,StepType,15,261,0,0,4,29,4,2,4,2
GBIF Common :: API,org.gbif.api.model.pipelines,PipelineStep.Status,0,64,0,0,0,7,0,1,0,1
GBIF Common :: API,org.gbif.api.model.pipelines,IngestionProcess,43,0,0,0,16,0,11,0,11,0
GBIF Common :: API,org.gbif.api.model.pipelines,RunPipelineResponse.ResponseStatus,44,0,0,0,5,0,1,0,1,0
GBIF Common :: API,org.gbif.api.model.pipelines,PipelinesWorkflow.Graph,5,307,1,13,2,59,2,24,1,18
GBIF Common :: API,org.gbif.api.model.pipelines,PipelineStep.MetricInfo,91,0,10,0,23,0,14,0,9,0
GBIF Common :: API,org.gbif.api.model.pipelines,InterpretationType.RecordType,633,0,0,0,54,0,6,0,6,0
GBIF Common :: API,org.gbif.api.model.pipelines,RunPipelineResponse.Builder,65,0,4,0,18,0,10,0,8,0
GBIF Common :: API,org.gbif.api.model.pipelines,PipelinesWorkflow.Graph.Edge,0,12,0,0,0,4,0,2,0,2
GBIF Common :: API,org.gbif.api.model.pipelines,StepRunner,34,0,0,0,4,0,1,0,1,0
GBIF Common :: API,org.gbif.api.model.pipelines,RunPipelineResponse,114,0,14,0,25,0,17,0,10,0
GBIF Common :: API,org.gbif.api.model.pipelines,PipelinesWorkflow,18,141,8,0,7,38,5,5,1,5
GBIF Common :: API,org.gbif.api.model.common.messaging,Response.Status,24,0,0,0,2,0,1,0,1,0
GBIF Common :: API,org.gbif.api.model.common.messaging,ResponseChain,51,0,0,0,17,0,7,0,7,0
GBIF Common :: API,org.gbif.api.model.common.messaging,Request,24,0,0,0,10,0,7,0,7,0
GBIF Common :: API,org.gbif.api.model.common.messaging,Request.Builder,58,0,0,0,17,0,7,0,7,0
GBIF Common :: API,org.gbif.api.model.common.messaging,Response.StatusCode,247,0,4,0,30,0,9,0,7,0
GBIF Common :: API,org.gbif.api.model.common.messaging,Response.Builder,80,0,0,0,25,0,9,0,9,0
GBIF Common :: API,org.gbif.api.model.common.messaging,Request.OperationType,54,0,0,0,2,0,1,0,1,0
GBIF Common :: API,org.gbif.api.model.common.messaging,Response,157,0,2,0,55,0,21,0,20,0
GBIF Common :: API,org.gbif.api.model.collections.suggestions,BaseChangeSuggestion,417,0,44,0,83,0,64,0,42,0
GBIF Common :: API,org.gbif.api.model.collections.suggestions,Status,34,0,0,0,4,0,1,0,1,0
GBIF Common :: API,org.gbif.api.model.collections.suggestions,InstitutionChangeSuggestion,76,0,12,0,18,0,13,0,7,0
GBIF Common :: API,org.gbif.api.model.collections.suggestions,CollectionChangeSuggestion,120,0,12,0,35,0,14,0,8,0
GBIF Common :: API,org.gbif.api.model.collections.suggestions,Change,154,0,20,0,34,0,27,0,17,0
GBIF Common :: API,org.gbif.api.model.collections.suggestions,Type,54,0,0,0,6,0,1,0,1,0
GBIF Common :: API,org.gbif.api.model.collections.suggestions,ApplySuggestionResult,10,0,0,0,4,0,3,0,3,0
